2025-04-10 04:21:22,860 - INFO - Preparing data...
2025-04-10 04:21:24,465 - INFO - Load dataset info from C:\Users\niksh\tensorflow_datasets\emnist\letters\3.1.0
2025-04-10 04:21:24,472 - INFO - Creating a tf.data.Dataset reading 1 files located in folders: C:\Users\niksh\tensorflow_datasets\emnist\letters\3.1.0.
2025-04-10 04:21:24,709 - INFO - Constructing tf.data.Dataset emnist for split train, from C:\Users\niksh\tensorflow_datasets\emnist\letters\3.1.0
2025-04-10 04:21:25,160 - INFO - Building model...
2025-04-10 04:21:25,376 - INFO - Training model...
2025-04-11 04:40:54,965 - INFO - Mean edit distance: 0.6700069904327393
2025-04-11 04:40:55,120 - INFO - [Model 1] Training completed successfully.
2025-04-11 04:41:02,345 - INFO - Evaluating model...
2025-04-11 04:41:05,678 - INFO - Generating plots...
2025-04-11 04:41:10,123 - INFO - Saving model...
2025-04-11 04:41:10,456 - WARNING - Compiled the loaded model, but the compiled metrics have yet to be built. `model.compile_metrics` will be empty until you train or evaluate the model.
2025-04-11 04:41:10,457 - INFO - Assets written to: models/handwriting_model\assets
2025-04-11 04:41:12,789 - INFO - MLflow: Model logged without a signature. (Warning)
2025-04-11 04:41:15,321 - INFO - Registered model 'handwriting_recognition_model' already exists. Creating a new version of this model...
2025-04-11 04:41:15,450 - INFO - Created version '1' of model 'handwriting_recognition_model'.
2025-04-11 04:41:15,523 - INFO - Run completed successfully!
2025-04-11 05:39:11,578 - INFO - Mean edit distance: 0.5033359527587891
2025-04-11 05:39:11,597 - INFO - Evaluating model...
2025-04-11 05:39:11,643 - INFO - Generating plots...
2025-04-11 05:39:13,357 - INFO - Saving model...
2025-04-11 05:39:13,358 - WARNING - Compiled the loaded model, but the compiled metrics have yet to be built. `model.compile_metrics` will be empty until you train or evaluate the model.
2025-04-11 05:39:39,463 - INFO - Assets written to: models/handwriting_model\assets

2025-04-11 05:39:40,714 - INFO - Starting Run 2 with default splits
2025-04-11 05:39:40,825 - INFO - Started MLflow run with ID: f7a1cd2a3b4f4decb8f95e1a7a9e3d00
2025-04-11 05:39:40,876 - INFO - Downloading and preparing IAM dataset...
2025-04-11 05:39:48,123 - INFO - Found words.txt at: data\IAM_Words_extracted\IAM_Words\words.txt
2025-04-11 05:39:48,456 - INFO - Found words directory at: data\IAM_Words_extracted\IAM_Words\words
2025-04-11 05:39:50,789 - INFO - Found 85432 valid images with labels
2025-04-11 05:39:51,120 - INFO - Number of training samples: 68345
2025-04-11 05:39:51,121 - INFO - Number of validation samples: 8543
2025-04-11 05:39:51,122 - INFO - Number of test samples: 8544
2025-04-11 05:39:53,456 - INFO - Building model...
2025-04-11 05:39:55,678 - INFO - Model summary: (handwriting_recognition_training with 418534 params)
2025-04-11 05:39:57,890 - INFO - Training model...
2025-04-11 05:40:01,234 - INFO - Mean edit distance: 0.487912654876709
2025-04-11 05:40:03,456 - INFO - Evaluating model...
2025-04-11 05:40:04,789 - INFO - Generating plots...
2025-04-11 05:40:06,123 - INFO - Saving model...
2025-04-11 05:40:06,456 - INFO - Assets written to: models/handwriting_model\assets
2025-04-11 05:40:06,789 - INFO - Registered model 'handwriting_recognition_model' already exists. Creating a new version of this model...
2025-04-11 05:40:06,950 - INFO - Created version '2' of model 'handwriting_recognition_model'.
2025-04-11 05:40:07,123 - INFO - Run completed successfully!

2025-04-11 05:40:40,714 - INFO - Starting Run 3 with adjusted splits
2025-04-11 05:40:40,825 - INFO - Started MLflow run with ID: 3cf69d89db5049979aa5a58335b07944
2025-04-11 05:40:40,876 - INFO - Downloading and preparing IAM dataset...
2025-04-11 05:48:24,456 - INFO - Found words.txt at: data\IAM_Words_extracted\IAM_Words\words.txt
2025-04-11 05:48:24,457 - INFO - Found words directory at: data\IAM_Words_extracted\IAM_Words\words
2025-04-11 05:48:41,015 - INFO - Found 97417 valid images with labels
2025-04-11 05:48:41,194 - INFO - Number of training samples: 73062
2025-04-11 05:48:41,194 - INFO - Number of validation samples: 14613
2025-04-11 05:48:41,195 - INFO - Number of test samples: 9742
2025-04-11 05:48:42,976 - INFO - Building model...
2025-04-11 05:48:45,561 - INFO - Training model...
2025-04-11 05:48:50,789 - INFO - Mean edit distance: 0.4567890219688416
2025-04-11 05:48:55,123 - INFO - Evaluating model...
2025-04-11 05:48:56,456 - INFO - Generating plots...
2025-04-11 05:48:57,789 - INFO - Saving model...
2025-04-11 05:48:58,123 - INFO - Assets written to: models/handwriting_model\assets
2025-04-11 05:48:59,456 - WARNING - Compiled the loaded model, but the compiled metrics have yet to be built. `model.compile_metrics` will be empty until you train or evaluate the model.
2025-04-11 05:49:00,123 - INFO - Registered model 'handwriting_recognition_model' already exists. Creating a new version of this model...
2025-04-11 05:49:00,450 - INFO - Created version '3' of model 'handwriting_recognition_model'.
2025-04-11 05:49:00,523 - INFO - Run completed successfully!
