2025-04-10 16:17:59,624 - INFO - Preparing data...
2025-04-10 16:18:01,108 - INFO - Load dataset info from C:\Users\niksh\tensorflow_datasets\emnist\letters\3.1.0
2025-04-10 16:18:01,115 - INFO - Creating a tf.data.Dataset reading 1 files located in folders: C:\Users\niksh\tensorflow_datasets\emnist\letters\3.1.0.
2025-04-10 16:18:01,244 - INFO - Constructing tf.data.Dataset emnist for split train, from C:\Users\niksh\tensorflow_datasets\emnist\letters\3.1.0
2025-04-10 16:18:01,465 - INFO - Building model...
2025-04-10 16:18:01,718 - INFO - Training model...
2025-04-10 16:18:02,179 - ERROR - Training failed: Exception encountered when calling Lambda.call().

[1mmodule 'keras.api.backend' has no attribute 'ctc_batch_cost'[0m

Arguments received by Lambda.call():
  • inputs=['tf.Tensor(shape=(None, 1), dtype=int64)', 'tf.Tensor(shape=(None, 25, 27), dtype=float32)', 'tf.Tensor(shape=(None, 1), dtype=int64)', 'tf.Tensor(shape=(None, 1), dtype=int64)']
  • mask=['None', 'None', 'None', 'None']
  • training=True
Traceback (most recent call last):
  File "C:\Users\niksh\Desktop\DA5402-Assign-8\src\train.py", line 39, in train_model
    history = model.fit(train_data, validation_data=val_data, epochs=20)
              ^^^^^^^^^^^^^^^^^^^^^^^^^^^^^^^^^^^^^^^^^^^^^^^^^^^^^^^^^^
  File "C:\Users\niksh\Desktop\DA5402-Assign-8\venv\Lib\site-packages\keras\src\utils\traceback_utils.py", line 122, in error_handler
    raise e.with_traceback(filtered_tb) from None
  File "C:\Users\niksh\Desktop\DA5402-Assign-8\src\utils.py", line 62, in <lambda>
    loss_out = layers.Lambda(lambda args: K.ctc_batch_cost(*args), name='ctc', output_shape=(1,))(
                                          ^^^^^^^^^^^^^^^^
AttributeError: Exception encountered when calling Lambda.call().

[1mmodule 'keras.api.backend' has no attribute 'ctc_batch_cost'[0m

Arguments received by Lambda.call():
  • inputs=['tf.Tensor(shape=(None, 1), dtype=int64)', 'tf.Tensor(shape=(None, 25, 27), dtype=float32)', 'tf.Tensor(shape=(None, 1), dtype=int64)', 'tf.Tensor(shape=(None, 1), dtype=int64)']
  • mask=['None', 'None', 'None', 'None']
  • training=True
